app/build/outputs/logs/manifest-merger-debug-report.txt
-- Merging decision tree log ---
manifest
ADDED from src\main\AndroidManifest.xml:2:1-52:12
INJECTED from src\main\AndroidManifest.xml:2:1-52:12
INJECTED from src\main\AndroidManifest.xml:2:1-52:12
INJECTED from src\main\AndroidManifest.xml:2:1-52:12
INJECTED from src\main\AndroidManifest.xml:2:1-52:12
INJECTED from src\main\AndroidManifest.xml:2:1-52:12
INJECTED from src\main\AndroidManifest.xml:2:1-52:12
	package
		ADDED from src\main\AndroidManifest.xml:3:5-32
		INJECTED from src\main\AndroidManifest.xml
		INJECTED from src\main\AndroidManifest.xml
	android:versionName
		ADDED from src\main\AndroidManifest.xml:5:5-30
		INJECTED from src\main\AndroidManifest.xml
		INJECTED from src\main\AndroidManifest.xml
	xmlns:android
		ADDED from src\main\AndroidManifest.xml:2:11-69
	android:versionCode
		ADDED from src\main\AndroidManifest.xml:4:5-28
		INJECTED from src\main\AndroidManifest.xml
		INJECTED from src\main\AndroidManifest.xml
uses-sdk
ADDED from src\main\AndroidManifest.xml:7:5-9:41
INJECTED from src\main\AndroidManifest.xml:7:5-9:41
INJECTED from src\main\AndroidManifest.xml:7:5-9:41
INJECTED from src\main\AndroidManifest.xml:7:5-9:41
INJECTED from src\main\AndroidManifest.xml:7:5-9:41
	android:targetSdkVersion
		ADDED from src\main\AndroidManifest.xml:9:9-38
		INJECTED from src\main\AndroidManifest.xml
		INJECTED from src\main\AndroidManifest.xml
	android:minSdkVersion
		ADDED from src\main\AndroidManifest.xml:8:9-35
		INJECTED from src\main\AndroidManifest.xml
		INJECTED from src\main\AndroidManifest.xml
uses-permission#android.permission.WRITE_EXTERNAL_STORAGE
ADDED from src\main\AndroidManifest.xml:11:5-80
	android:name
		ADDED from src\main\AndroidManifest.xml:11:22-78
uses-permission#android.permission.ACCESS_COARSE_LOCATION
ADDED from src\main\AndroidManifest.xml:12:5-80
	android:name
		ADDED from src\main\AndroidManifest.xml:12:22-78
uses-permission#android.permission.ACCESS_FINE_LOCATION
ADDED from src\main\AndroidManifest.xml:13:2-75
	android:name
		ADDED from src\main\AndroidManifest.xml:13:19-73
application
ADDED from src\main\AndroidManifest.xml:16:5-50:19
	android:label
		ADDED from src\main\AndroidManifest.xml:19:9-41
	android:icon
		ADDED from src\main\AndroidManifest.xml:18:9-45
	android:allowBackup
		ADDED from src\main\AndroidManifest.xml:17:9-35
	android:theme
		ADDED from src\main\AndroidManifest.xml:20:9-39
activity#com.teraim.strand.ActivityMain
ADDED from src\main\AndroidManifest.xml:21:9-28:20
	android:label
		ADDED from src\main\AndroidManifest.xml:23:13-45
	android:name
		ADDED from src\main\AndroidManifest.xml:22:13-58
intent-filter#action:name:android.intent.action.MAIN+category:name:android.intent.category.LAUNCHER
ADDED from src\main\AndroidManifest.xml:24:13-27:29
action#android.intent.action.MAIN
ADDED from src\main\AndroidManifest.xml:25:17-69
	android:name
		ADDED from src\main\AndroidManifest.xml:25:25-66
category#android.intent.category.LAUNCHER
ADDED from src\main\AndroidManifest.xml:26:17-77
	android:name
		ADDED from src\main\AndroidManifest.xml:26:27-74
activity#com.teraim.strand.ActivityTakePicture
ADDED from src\main\AndroidManifest.xml:30:9-31:67
	android:name
		ADDED from src\main\AndroidManifest.xml:31:13-65
activity#com.teraim.strand.ActivityZoneSplit
ADDED from src\main\AndroidManifest.xml:32:9-33:65
	android:name
		ADDED from src\main\AndroidManifest.xml:33:13-63
activity#com.teraim.strand.ActivityArterFaltskikt
ADDED from src\main\AndroidManifest.xml:34:9-35:70
	android:name
		ADDED from src\main\AndroidManifest.xml:35:13-68
activity#com.teraim.strand.ActivityZoneless
ADDED from src\main\AndroidManifest.xml:36:10-37:64
	android:name
		ADDED from src\main\AndroidManifest.xml:37:13-62
activity#com.teraim.strand.ActivitySubstratSelection
ADDED from src\main\AndroidManifest.xml:38:10-39:73
	android:name
		ADDED from src\main\AndroidManifest.xml:39:13-71
activity#com.teraim.strand.ActivityVallar
ADDED from src\main\AndroidManifest.xml:40:10-41:62
	android:name
		ADDED from src\main\AndroidManifest.xml:41:13-60
activity#com.teraim.strand.ActivityNoInput
ADDED from src\main\AndroidManifest.xml:42:10-43:63
	android:name
		ADDED from src\main\AndroidManifest.xml:43:13-61
activity#com.teraim.strand.ActivitySelectArt
ADDED from src\main\AndroidManifest.xml:44:10-45:65
	android:name
		ADDED from src\main\AndroidManifest.xml:45:13-63
activity#com.teraim.strand.ActivityHabitat
ADDED from src\main\AndroidManifest.xml:46:10-47:63
	android:name
		ADDED from src\main\AndroidManifest.xml:47:13-61